#
# There is insufficient memory for the Java Runtime Environment to continue.
# Native memory allocation (malloc) failed to allocate 1266896 bytes for Chunk::new
# Possible reasons:
#   The system is out of physical RAM or swap space
#   The process is running with CompressedOops enabled, and the Java Heap may be blocking the growth of the native heap
# Possible solutions:
#   Reduce memory load on the system
#   Increase physical memory or swap space
#   Check if swap backing store is full
#   Decrease Java heap size (-Xmx/-Xms)
#   Decrease number of Java threads
#   Decrease Java thread stack sizes (-Xss)
#   Set larger code cache with -XX:ReservedCodeCacheSize=
#   JVM is running with Unscaled Compressed Oops mode in which the Java heap is
#     placed in the first 4GB address space. The Java Heap base address is the
#     maximum limit for the native heap growth. Please use -XX:HeapBaseMinAddress
#     to set the Java Heap base and to place the Java Heap above 4GB virtual address.
# This output file may be truncated or incomplete.
#
#  Out of Memory Error (arena.cpp:184), pid=7148, tid=3428
#
# JRE version: Java(TM) SE Runtime Environment (19.0+36) (build 19+36-2238)
# Java VM: Java HotSpot(TM) 64-Bit Server VM (19+36-2238, mixed mode, sharing, tiered, compressed oops, compressed class ptrs, g1 gc, windows-amd64)
# No core dump will be written. Minidumps are not enabled by default on client versions of Windows
#

---------------  S U M M A R Y ------------

Command Line: -Dapplication.home=C:\Program Files\Java\jdk-19 --add-modules=ALL-DEFAULT -Xms8m -Djdk.module.main=jdk.compiler jdk.compiler/com.sun.tools.javac.Main -d C:\Users\iHuntGore\Desktop\Proyecto_Memorabble\build\classes -classpath C:\Users\iHuntGore\Desktop\Proyecto_Memorabble\build\classes;C:\Program Files\NetBeans-15\netbeans\java\modules\ext\AbsoluteLayout.jar -sourcepath C:\Users\iHuntGore\Desktop\Proyecto_Memorabble\build\empty -target 19 -encoding UTF-8 -g -processorpath C:\Program Files\NetBeans-15\netbeans\java\modules\ext\AbsoluteLayout.jar;C:\Users\iHuntGore\Desktop\Proyecto_Memorabble\build\empty -s C:\Users\iHuntGore\Desktop\Proyecto_Memorabble\build\generated-sources\ap-source-output -source 19 C:\Users\iHuntGore\Desktop\Proyecto_Memorabble\src\generadores\colores.java C:\Users\iHuntGore\Desktop\Proyecto_Memorabble\src\generadores\formaEspecifica.java C:\Users\iHuntGore\Desktop\Proyecto_Memorabble\src\generadores\formas.java C:\Users\iHuntGore\Desktop\Proyecto_Memorabble\src\interfaces\gameLauncher.java C:\Users\iHuntGore\Desktop\Proyecto_Memorabble\src\interfaces\interfaz_jugable.java C:\Users\iHuntGore\Desktop\Proyecto_Memorabble\src\interfaces\interfaz_memorabble.java C:\Users\iHuntGore\Desktop\Proyecto_Memorabble\src\interfaces\main.java C:\Users\iHuntGore\Desktop\Proyecto_Memorabble\src\interfaces\mainProvisional.java

Host: AMD Ryzen 5 3450U with Radeon Vega Mobile Gfx  , 8 cores, 6G,  Windows 10 , 64 bit Build 18362 (10.0.18362.329)
Time: Mon Nov  7 18:39:28 2022 Hora est. Pacífico, Sudamérica elapsed time: 1.220865 seconds (0d 0h 0m 1s)

---------------  T H R E A D  ---------------

Current thread (0x000002ac2d57fdf0):  JavaThread "C2 CompilerThread2" daemon [_thread_in_native, id=3428, stack(0x000000af0bb00000,0x000000af0bc00000)]


Current CompileTask:
C2:   1221 1122       4       jdk.internal.jimage.ImageLocation::getFullName (109 bytes)

Stack: [0x000000af0bb00000,0x000000af0bc00000]
Native frames: (J=compiled Java code, j=interpreted, Vv=VM code, C=native code)
V  [jvm.dll+0x6ee8fa]
V  [jvm.dll+0x857a1e]
V  [jvm.dll+0x85940e]
V  [jvm.dll+0x859ac3]
V  [jvm.dll+0x28291f]
V  [jvm.dll+0xc9b5f]
V  [jvm.dll+0xc9ee5]
V  [jvm.dll+0x3bcb72]
V  [jvm.dll+0x386201]
V  [jvm.dll+0x38567a]
V  [jvm.dll+0x24c2c9]
V  [jvm.dll+0x24b671]
V  [jvm.dll+0x1d6d61]
V  [jvm.dll+0x25b0fa]
V  [jvm.dll+0x259588]
V  [jvm.dll+0x807928]
V  [jvm.dll+0x8015fa]
V  [jvm.dll+0x6ed5eb]
C  [ucrtbase.dll+0x20e72]
C  [KERNEL32.DLL+0x17bd4]
C  [ntdll.dll+0x6ced1]


---------------  P R O C E S S  ---------------

Threads class SMR info:
_java_thread_list=0x000002ac2d8b2a10, length=14, elements={
0x000002ac08dcf7b0, 0x000002ac28bc52b0, 0x000002ac28bc5ce0, 0x000002ac28bd0530,
0x000002ac28bd0e60, 0x000002ac28bd37a0, 0x000002ac28bd40d0, 0x000002ac28bda280,
0x000002ac28bfaff0, 0x000002ac28c0d950, 0x000002ac08e7d1f0, 0x000002ac2d11aad0,
0x000002ac2d57f860, 0x000002ac2d57fdf0
}

Java Threads: ( => current thread )
  0x000002ac08dcf7b0 JavaThread "main" [_thread_in_Java, id=12684, stack(0x000000af0a100000,0x000000af0a200000)]
  0x000002ac28bc52b0 JavaThread "Reference Handler" daemon [_thread_blocked, id=1044, stack(0x000000af0a800000,0x000000af0a900000)]
  0x000002ac28bc5ce0 JavaThread "Finalizer" daemon [_thread_blocked, id=7500, stack(0x000000af0a900000,0x000000af0aa00000)]
  0x000002ac28bd0530 JavaThread "Signal Dispatcher" daemon [_thread_blocked, id=8520, stack(0x000000af0aa00000,0x000000af0ab00000)]
  0x000002ac28bd0e60 JavaThread "Attach Listener" daemon [_thread_blocked, id=9892, stack(0x000000af0ab00000,0x000000af0ac00000)]
  0x000002ac28bd37a0 JavaThread "Service Thread" daemon [_thread_blocked, id=4964, stack(0x000000af0ac00000,0x000000af0ad00000)]
  0x000002ac28bd40d0 JavaThread "Monitor Deflation Thread" daemon [_thread_blocked, id=6604, stack(0x000000af0ad00000,0x000000af0ae00000)]
  0x000002ac28bda280 JavaThread "C2 CompilerThread0" daemon [_thread_in_native, id=10528, stack(0x000000af0ae00000,0x000000af0af00000)]
  0x000002ac28bfaff0 JavaThread "C1 CompilerThread0" daemon [_thread_blocked, id=10840, stack(0x000000af0af00000,0x000000af0b000000)]
  0x000002ac28c0d950 JavaThread "Sweeper thread" daemon [_thread_blocked, id=8992, stack(0x000000af0b000000,0x000000af0b100000)]
  0x000002ac08e7d1f0 JavaThread "Common-Cleaner" daemon [_thread_blocked, id=3612, stack(0x000000af0b100000,0x000000af0b200000)]
  0x000002ac2d11aad0 JavaThread "Notification Thread" daemon [_thread_blocked, id=11380, stack(0x000000af0b200000,0x000000af0b300000)]
  0x000002ac2d57f860 JavaThread "C2 CompilerThread1" daemon [_thread_in_native, id=7340, stack(0x000000af0b900000,0x000000af0ba00000)]
=>0x000002ac2d57fdf0 JavaThread "C2 CompilerThread2" daemon [_thread_in_native, id=3428, stack(0x000000af0bb00000,0x000000af0bc00000)]

Other Threads:
  0x000002ac08e892d0 VMThread "VM Thread" [stack: 0x000000af0a700000,0x000000af0a800000] [id=12272]
  0x000002ac2d11b010 WatcherThread "VM Periodic Task Thread" [stack: 0x000000af0b300000,0x000000af0b400000] [id=10480]
  0x000002ac08e27230 WorkerThread "GC Thread#0" [stack: 0x000000af0a200000,0x000000af0a300000] [id=12532]
  0x000002ac2d29fcc0 WorkerThread "GC Thread#1" [stack: 0x000000af0b400000,0x000000af0b500000] [id=2752]
  0x000002ac2d3d1c00 WorkerThread "GC Thread#2" [stack: 0x000000af0b500000,0x000000af0b600000] [id=6640]
  0x000002ac2d3d1ed0 WorkerThread "GC Thread#3" [stack: 0x000000af0b600000,0x000000af0b700000] [id=140]
  0x000002ac2d4ba5b0 WorkerThread "GC Thread#4" [stack: 0x000000af0b700000,0x000000af0b800000] [id=10984]
  0x000002ac2d53bb60 WorkerThread "GC Thread#5" [stack: 0x000000af0b800000,0x000000af0b900000] [id=12688]
  0x000002ac2d897c50 WorkerThread "GC Thread#6" [stack: 0x000000af0ba00000,0x000000af0bb00000] [id=13180]
  0x000002ac08e360c0 ConcurrentGCThread "G1 Main Marker" [stack: 0x000000af0a300000,0x000000af0a400000] [id=10860]
  0x000002ac08e371a0 WorkerThread "G1 Conc#0" [stack: 0x000000af0a400000,0x000000af0a500000] [id=8452]
  0x000002ac2d9ef3b0 WorkerThread "G1 Conc#1" [stack: 0x000000af0bc00000,0x000000af0bd00000] [id=4048]
  0x000002ac08e65ba0 ConcurrentGCThread "G1 Refine#0" [stack: 0x000000af0a500000,0x000000af0a600000] [id=5736]
  0x000002ac08e66490 ConcurrentGCThread "G1 Service" [stack: 0x000000af0a600000,0x000000af0a700000] [id=7228]

Threads with active compile tasks:
C2 CompilerThread0     1248 1330       4       com.sun.tools.javac.code.Scope$ScopeImpl::getIndex (101 bytes)
C1 CompilerThread0     1248 1327       3       java.util.stream.AbstractPipeline::<init> (91 bytes)
C2 CompilerThread1     1248 1261       4       java.util.regex.Pattern::escape (1327 bytes)
C2 CompilerThread2     1248 1122       4       jdk.internal.jimage.ImageLocation::getFullName (109 bytes)

VM state: not at safepoint (normal execution)

VM Mutex/Monitor currently owned by a thread: None

Heap address: 0x0000000090c00000, size: 1780 MB, Compressed Oops mode: 32-bit

CDS archive(s) mapped at: [0x0000000800000000-0x0000000800c40000-0x0000000800c40000), size 12845056, SharedBaseAddress: 0x0000000800000000, ArchiveRelocationMode: 0.
Compressed class space mapped at: 0x0000000801000000-0x0000000841000000, reserved size: 1073741824
Narrow klass base: 0x0000000800000000, Narrow klass shift: 0, Narrow klass range: 0x100000000

GC Precious Log:
 CardTable entry size: 512
 Card Set container configuration: InlinePtr #cards 5 size 8 Array Of Cards #cards 12 size 40 Howl #buckets 4 coarsen threshold 1843 Howl Bitmap #cards 512 size 80 coarsen threshold 460 Card regions per heap region 1 cards per card region 2048
 CPUs: 8 total, 8 available
 Memory: 7115M
 Large Page Support: Disabled
 NUMA Support: Disabled
 Compressed Oops: Enabled (32-bit)
 Heap Region Size: 1M
 Heap Min Capacity: 8M
 Heap Initial Capacity: 8M
 Heap Max Capacity: 1780M
 Pre-touch: Disabled
 Parallel Workers: 8
 Concurrent Workers: 2
 Concurrent Refinement Workers: 8
 Periodic GC: Disabled

Heap:
 garbage-first heap   total 20480K, used 11462K [0x0000000090c00000, 0x0000000100000000)
  region size 1024K, 7 young (7168K), 1 survivors (1024K)
 Metaspace       used 9147K, committed 9280K, reserved 1114112K
  class space    used 1025K, committed 1088K, reserved 1048576K

Heap Regions: E=young(eden), S=young(survivor), O=old, HS=humongous(starts), HC=humongous(continues), CS=collection set, F=free, OA=open archive, CA=closed archive, TAMS=top-at-mark-start (previous, next)
|   0|0x0000000090c00000, 0x0000000090d00000, 0x0000000090d00000|100%| O|  |TAMS 0x0000000090d00000, 0x0000000090c00000| Untracked 
|   1|0x0000000090d00000, 0x0000000090d31a00, 0x0000000090e00000| 19%| O|  |TAMS 0x0000000090d00000, 0x0000000090d00000| Untracked 
|   2|0x0000000090e00000, 0x0000000090f00000, 0x0000000090f00000|100%| O|  |TAMS 0x0000000090f00000, 0x0000000090e00000| Untracked 
|   3|0x0000000090f00000, 0x0000000091000000, 0x0000000091000000|100%| O|  |TAMS 0x0000000091000000, 0x0000000090f00000| Untracked 
|   4|0x0000000091000000, 0x0000000091100000, 0x0000000091100000|100%| O|  |TAMS 0x0000000091011800, 0x0000000091000000| Untracked 
|   5|0x0000000091100000, 0x0000000091200000, 0x0000000091200000|100%| O|  |TAMS 0x0000000091100000, 0x0000000091100000| Untracked 
|   6|0x0000000091200000, 0x0000000091200000, 0x0000000091300000|  0%| F|  |TAMS 0x0000000091200000, 0x0000000091200000| Untracked 
|   7|0x0000000091300000, 0x0000000091300000, 0x0000000091400000|  0%| F|  |TAMS 0x0000000091300000, 0x0000000091300000| Untracked 
|   8|0x0000000091400000, 0x0000000091400000, 0x0000000091500000|  0%| F|  |TAMS 0x0000000091400000, 0x0000000091400000| Untracked 
|   9|0x0000000091500000, 0x0000000091500000, 0x0000000091600000|  0%| F|  |TAMS 0x0000000091500000, 0x0000000091500000| Untracked 
|  10|0x0000000091600000, 0x0000000091600000, 0x0000000091700000|  0%| F|  |TAMS 0x0000000091600000, 0x0000000091600000| Untracked 
|  11|0x0000000091700000, 0x0000000091800000, 0x0000000091800000|100%| S|CS|TAMS 0x0000000091700000, 0x0000000091700000| Complete 
|  12|0x0000000091800000, 0x0000000091800000, 0x0000000091900000|  0%| F|  |TAMS 0x0000000091800000, 0x0000000091800000| Untracked 
|  13|0x0000000091900000, 0x0000000091900000, 0x0000000091a00000|  0%| F|  |TAMS 0x0000000091900000, 0x0000000091900000| Untracked 
|  14|0x0000000091a00000, 0x0000000091a32920, 0x0000000091b00000| 19%| E|  |TAMS 0x0000000091a00000, 0x0000000091a00000| Complete 
|  15|0x0000000091b00000, 0x0000000091c00000, 0x0000000091c00000|100%| E|CS|TAMS 0x0000000091b00000, 0x0000000091b00000| Complete 
|  16|0x0000000091c00000, 0x0000000091d00000, 0x0000000091d00000|100%| E|CS|TAMS 0x0000000091c00000, 0x0000000091c00000| Complete 
|  17|0x0000000091d00000, 0x0000000091e00000, 0x0000000091e00000|100%| E|CS|TAMS 0x0000000091d00000, 0x0000000091d00000| Complete 
|  18|0x0000000091e00000, 0x0000000091f00000, 0x0000000091f00000|100%| E|CS|TAMS 0x0000000091e00000, 0x0000000091e00000| Complete 
|  19|0x0000000091f00000, 0x0000000092000000, 0x0000000092000000|100%| E|CS|TAMS 0x0000000091f00000, 0x0000000091f00000| Complete 

Card table byte_map: [0x000002ac222f0000,0x000002ac22670000] _byte_map_base: 0x000002ac21e6a000

Marking Bits (Prev, Next): (CMBitMap*) 0x000002ac08e277b0, (CMBitMap*) 0x000002ac08e27770
 Prev Bits: [0x000002ac245c0000, 0x000002ac26190000)
 Next Bits: [0x000002ac229f0000, 0x000002ac245c0000)

Polling page: 0x000002ac08ba0000

Metaspace:

Usage:
  Non-class:      7.93 MB used.
      Class:      1.00 MB used.
       Both:      8.93 MB used.

Virtual space:
  Non-class space:       64.00 MB reserved,       8.00 MB ( 13%) committed,  1 nodes.
      Class space:        1.00 GB reserved,       1.06 MB ( <1%) committed,  1 nodes.
             Both:        1.06 GB reserved,       9.06 MB ( <1%) committed. 

Chunk freelists:
   Non-Class:  1.88 MB
       Class:  2.89 MB
        Both:  4.76 MB

MaxMetaspaceSize: unlimited
CompressedClassSpaceSize: 1.00 GB
Initial GC threshold: 21.00 MB
Current GC threshold: 21.00 MB
CDS: on
MetaspaceReclaimPolicy: balanced
 - commit_granule_bytes: 65536.
 - commit_granule_words: 8192.
 - virtual_space_node_default_size: 8388608.
 - enlarge_chunks_in_place: 1.
 - new_chunks_are_fully_committed: 0.
 - uncommit_free_chunks: 1.
 - use_allocation_guard: 0.


Internal statistics:

num_allocs_failed_limit: 0.
num_arena_births: 72.
num_arena_deaths: 0.
num_vsnodes_births: 2.
num_vsnodes_deaths: 0.
num_space_committed: 145.
num_space_uncommitted: 0.
num_chunks_returned_to_freelist: 0.
num_chunks_taken_from_freelist: 367.
num_chunk_merges: 0.
num_chunk_splits: 262.
num_chunks_enlarged: 216.
num_inconsistent_stats: 0.

CodeHeap 'non-profiled nmethods': size=120000Kb used=420Kb max_used=420Kb free=119580Kb
 bounds [0x000002ac19fd0000, 0x000002ac1a240000, 0x000002ac21500000]
CodeHeap 'profiled nmethods': size=120000Kb used=2485Kb max_used=2485Kb free=117514Kb
 bounds [0x000002ac12500000, 0x000002ac12770000, 0x000002ac19a30000]
CodeHeap 'non-nmethods': size=5760Kb used=1247Kb max_used=1275Kb free=4512Kb
 bounds [0x000002ac19a30000, 0x000002ac19ca0000, 0x000002ac19fd0000]
 total_blobs=1776 nmethods=1326 adapters=360
 compilation: enabled
              stopped_count=0, restarted_count=0
 full_count=0

Compilation events (20 events):
Event: 1.166 Thread 0x000002ac28bfaff0 1279       3       java.lang.invoke.DirectMethodHandle::preparedLambdaForm (244 bytes)
Event: 1.168 Thread 0x000002ac28bfaff0 nmethod 1279 0x000002ac12751010 code [0x000002ac12751300, 0x000002ac12752278]
Event: 1.182 Thread 0x000002ac28bfaff0 1286       3       java.util.EnumSet::typeCheck (59 bytes)
Event: 1.183 Thread 0x000002ac28bfaff0 nmethod 1286 0x000002ac12752890 code [0x000002ac12752b20, 0x000002ac12753588]
Event: 1.183 Thread 0x000002ac28bfaff0 1287       3       com.sun.tools.javac.tree.JCTree::pos (2 bytes)
Event: 1.183 Thread 0x000002ac28bfaff0 nmethod 1287 0x000002ac12753990 code [0x000002ac12753b20, 0x000002ac12753c38]
Event: 1.183 Thread 0x000002ac28bfaff0 1288       3       java.util.stream.StreamSupport::stream (19 bytes)
Event: 1.184 Thread 0x000002ac28bfaff0 nmethod 1288 0x000002ac12753d10 code [0x000002ac12753f00, 0x000002ac12754328]
Event: 1.184 Thread 0x000002ac28bfaff0 1289       3       com.sun.tools.javac.code.Scope$WriteableScope::<init> (6 bytes)
Event: 1.184 Thread 0x000002ac28bfaff0 nmethod 1289 0x000002ac12754510 code [0x000002ac127546e0, 0x000002ac12754b38]
Event: 1.186 Thread 0x000002ac28bfaff0 1290       3       jdk.internal.jimage.ImageReader$SharedImageReader::visitLocation (73 bytes)
Event: 1.188 Thread 0x000002ac28bfaff0 nmethod 1290 0x000002ac12754c90 code [0x000002ac12754f20, 0x000002ac12755cd8]
Event: 1.196 Thread 0x000002ac28bda280 nmethod 1260 0x000002ac1a031b10 code [0x000002ac1a031ce0, 0x000002ac1a0329c8]
Event: 1.197 Thread 0x000002ac28bda280 1284       4       java.util.Spliterators$1Adapter::accept (11 bytes)
Event: 1.198 Thread 0x000002ac28bfaff0 1291       3       jdk.internal.misc.Unsafe::checkSize (32 bytes)
Event: 1.204 Thread 0x000002ac28bfaff0 nmethod 1291 0x000002ac12756290 code [0x000002ac12756440, 0x000002ac127566c8]
Event: 1.204 Thread 0x000002ac28bda280 nmethod 1284 0x000002ac1a032f90 code [0x000002ac1a033100, 0x000002ac1a033238]
Event: 1.204 Thread 0x000002ac28bda280 1282       4       jdk.internal.jrtfs.JrtPath::getFileName (78 bytes)
Event: 1.211 Thread 0x000002ac28bfaff0 1293       3       com.sun.tools.javac.util.ArrayUtils::ensureCapacity (30 bytes)
Event: 1.211 Thread 0x000002ac28bfaff0 nmethod 1293 0x000002ac12756810 code [0x000002ac127569e0, 0x000002ac12756d68]

GC Heap History (20 events):
Event: 0.613 GC heap before
{Heap before GC invocations=2 (full 0):
 garbage-first heap   total 8192K, used 2719K [0x0000000090c00000, 0x0000000100000000)
  region size 1024K, 2 young (2048K), 1 survivors (1024K)
 Metaspace       used 6780K, committed 6976K, reserved 1114112K
  class space    used 785K, committed 896K, reserved 1048576K
}
Event: 0.615 GC heap after
{Heap after GC invocations=3 (full 0):
 garbage-first heap   total 8192K, used 2207K [0x0000000090c00000, 0x0000000100000000)
  region size 1024K, 1 young (1024K), 1 survivors (1024K)
 Metaspace       used 6780K, committed 6976K, reserved 1114112K
  class space    used 785K, committed 896K, reserved 1048576K
}
Event: 0.720 GC heap before
{Heap before GC invocations=3 (full 0):
 garbage-first heap   total 8192K, used 3231K [0x0000000090c00000, 0x0000000100000000)
  region size 1024K, 2 young (2048K), 1 survivors (1024K)
 Metaspace       used 7801K, committed 8000K, reserved 1114112K
  class space    used 863K, committed 960K, reserved 1048576K
}
Event: 0.722 GC heap after
{Heap after GC invocations=4 (full 0):
 garbage-first heap   total 8192K, used 2472K [0x0000000090c00000, 0x0000000100000000)
  region size 1024K, 1 young (1024K), 1 survivors (1024K)
 Metaspace       used 7801K, committed 8000K, reserved 1114112K
  class space    used 863K, committed 960K, reserved 1048576K
}
Event: 0.776 GC heap before
{Heap before GC invocations=4 (full 0):
 garbage-first heap   total 8192K, used 3496K [0x0000000090c00000, 0x0000000100000000)
  region size 1024K, 2 young (2048K), 1 survivors (1024K)
 Metaspace       used 7967K, committed 8128K, reserved 1114112K
  class space    used 883K, committed 960K, reserved 1048576K
}
Event: 0.779 GC heap after
{Heap after GC invocations=5 (full 0):
 garbage-first heap   total 10240K, used 2743K [0x0000000090c00000, 0x0000000100000000)
  region size 1024K, 1 young (1024K), 1 survivors (1024K)
 Metaspace       used 7967K, committed 8128K, reserved 1114112K
  class space    used 883K, committed 960K, reserved 1048576K
}
Event: 0.862 GC heap before
{Heap before GC invocations=5 (full 0):
 garbage-first heap   total 10240K, used 4791K [0x0000000090c00000, 0x0000000100000000)
  region size 1024K, 3 young (3072K), 1 survivors (1024K)
 Metaspace       used 8525K, committed 8704K, reserved 1114112K
  class space    used 950K, committed 1024K, reserved 1048576K
}
Event: 0.865 GC heap after
{Heap after GC invocations=6 (full 0):
 garbage-first heap   total 10240K, used 3452K [0x0000000090c00000, 0x0000000100000000)
  region size 1024K, 1 young (1024K), 1 survivors (1024K)
 Metaspace       used 8525K, committed 8704K, reserved 1114112K
  class space    used 950K, committed 1024K, reserved 1048576K
}
Event: 0.939 GC heap before
{Heap before GC invocations=6 (full 0):
 garbage-first heap   total 10240K, used 5500K [0x0000000090c00000, 0x0000000100000000)
  region size 1024K, 3 young (3072K), 1 survivors (1024K)
 Metaspace       used 8801K, committed 8960K, reserved 1114112K
  class space    used 991K, committed 1088K, reserved 1048576K
}
Event: 0.943 GC heap after
{Heap after GC invocations=7 (full 0):
 garbage-first heap   total 10240K, used 4163K [0x0000000090c00000, 0x0000000100000000)
  region size 1024K, 1 young (1024K), 1 survivors (1024K)
 Metaspace       used 8801K, committed 8960K, reserved 1114112K
  class space    used 991K, committed 1088K, reserved 1048576K
}
Event: 0.947 GC heap before
{Heap before GC invocations=7 (full 0):
 garbage-first heap   total 10240K, used 5187K [0x0000000090c00000, 0x0000000100000000)
  region size 1024K, 2 young (2048K), 1 survivors (1024K)
 Metaspace       used 8801K, committed 8960K, reserved 1114112K
  class space    used 991K, committed 1088K, reserved 1048576K
}
Event: 0.948 GC heap after
{Heap after GC invocations=8 (full 0):
 garbage-first heap   total 10240K, used 4369K [0x0000000090c00000, 0x0000000100000000)
  region size 1024K, 1 young (1024K), 1 survivors (1024K)
 Metaspace       used 8801K, committed 8960K, reserved 1114112K
  class space    used 991K, committed 1088K, reserved 1048576K
}
Event: 1.000 GC heap before
{Heap before GC invocations=8 (full 0):
 garbage-first heap   total 10240K, used 5393K [0x0000000090c00000, 0x0000000100000000)
  region size 1024K, 2 young (2048K), 1 survivors (1024K)
 Metaspace       used 8902K, committed 9088K, reserved 1114112K
  class space    used 999K, committed 1088K, reserved 1048576K
}
Event: 1.003 GC heap after
{Heap after GC invocations=9 (full 0):
 garbage-first heap   total 20480K, used 4436K [0x0000000090c00000, 0x0000000100000000)
  region size 1024K, 1 young (1024K), 1 survivors (1024K)
 Metaspace       used 8902K, committed 9088K, reserved 1114112K
  class space    used 999K, committed 1088K, reserved 1048576K
}
Event: 1.082 GC heap before
{Heap before GC invocations=10 (full 0):
 garbage-first heap   total 20480K, used 10580K [0x0000000090c00000, 0x0000000100000000)
  region size 1024K, 7 young (7168K), 1 survivors (1024K)
 Metaspace       used 9035K, committed 9152K, reserved 1114112K
  class space    used 1017K, committed 1088K, reserved 1048576K
}
Event: 1.087 GC heap after
{Heap after GC invocations=11 (full 0):
 garbage-first heap   total 20480K, used 5170K [0x0000000090c00000, 0x0000000100000000)
  region size 1024K, 1 young (1024K), 1 survivors (1024K)
 Metaspace       used 9035K, committed 9152K, reserved 1114112K
  class space    used 1017K, committed 1088K, reserved 1048576K
}
Event: 1.110 GC heap before
{Heap before GC invocations=11 (full 0):
 garbage-first heap   total 20480K, used 6194K [0x0000000090c00000, 0x0000000100000000)
  region size 1024K, 2 young (2048K), 1 survivors (1024K)
 Metaspace       used 9074K, committed 9280K, reserved 1114112K
  class space    used 1021K, committed 1088K, reserved 1048576K
}
Event: 1.118 GC heap after
{Heap after GC invocations=12 (full 0):
 garbage-first heap   total 20480K, used 5168K [0x0000000090c00000, 0x0000000100000000)
  region size 1024K, 1 young (1024K), 1 survivors (1024K)
 Metaspace       used 9074K, committed 9280K, reserved 1114112K
  class space    used 1021K, committed 1088K, reserved 1048576K
}
Event: 1.198 GC heap before
{Heap before GC invocations=12 (full 0):
 garbage-first heap   total 20480K, used 12336K [0x0000000090c00000, 0x0000000100000000)
  region size 1024K, 8 young (8192K), 1 survivors (1024K)
 Metaspace       used 9124K, committed 9280K, reserved 1114112K
  class space    used 1025K, committed 1088K, reserved 1048576K
}
Event: 1.204 GC heap after
{Heap after GC invocations=13 (full 0):
 garbage-first heap   total 20480K, used 6342K [0x0000000090c00000, 0x0000000100000000)
  region size 1024K, 1 young (1024K), 1 survivors (1024K)
 Metaspace       used 9124K, committed 9280K, reserved 1114112K
  class space    used 1025K, committed 1088K, reserved 1048576K
}

Dll operation events (6 events):
Event: 0.010 Loaded shared library C:\Program Files\Java\jdk-19\bin\java.dll
Event: 0.024 Loaded shared library C:\Program Files\Java\jdk-19\bin\jsvml.dll
Event: 0.115 Loaded shared library C:\Program Files\Java\jdk-19\bin\jimage.dll
Event: 0.258 Loaded shared library C:\Program Files\Java\jdk-19\bin\net.dll
Event: 0.260 Loaded shared library C:\Program Files\Java\jdk-19\bin\nio.dll
Event: 0.313 Loaded shared library C:\Program Files\Java\jdk-19\bin\zip.dll

Deoptimization events (20 events):
Event: 0.944 Thread 0x000002ac28bc52b0 Uncommon trap: trap_request=0xffffff45 fr.pc=0x000002ac1a019bb4 relative=0x0000000000000034
Event: 0.944 Thread 0x000002ac28bc52b0 Uncommon trap: reason=unstable_if action=reinterpret pc=0x000002ac1a019bb4 method=java.util.concurrent.locks.AbstractQueuedSynchronizer.signalNext(Ljava/util/concurrent/locks/AbstractQueuedSynchronizer$Node;)V @ 1 c2
Event: 0.944 Thread 0x000002ac28bc52b0 DEOPT PACKING pc=0x000002ac1a019bb4 sp=0x000000af0a8ff030
Event: 0.944 Thread 0x000002ac28bc52b0 DEOPT UNPACKING pc=0x000002ac19a96da3 sp=0x000000af0a8fefc0 mode 2
Event: 0.944 Thread 0x000002ac08e7d1f0 Uncommon trap: trap_request=0xffffff45 fr.pc=0x000002ac1a01a358 relative=0x0000000000000138
Event: 0.944 Thread 0x000002ac08e7d1f0 Uncommon trap: reason=unstable_if action=reinterpret pc=0x000002ac1a01a358 method=java.util.concurrent.locks.ReentrantLock$NonfairSync.initialTryLock()Z @ 10 c2
Event: 0.944 Thread 0x000002ac08e7d1f0 DEOPT PACKING pc=0x000002ac1a01a358 sp=0x000000af0b1ff400
Event: 0.944 Thread 0x000002ac08e7d1f0 DEOPT UNPACKING pc=0x000002ac19a96da3 sp=0x000000af0b1ff3a8 mode 2
Event: 1.056 Thread 0x000002ac08dcf7b0 Uncommon trap: trap_request=0xffffff45 fr.pc=0x000002ac1a013180 relative=0x0000000000000060
Event: 1.056 Thread 0x000002ac08dcf7b0 Uncommon trap: reason=unstable_if action=reinterpret pc=0x000002ac1a013180 method=com.sun.tools.javac.jvm.PoolReader.sizeof(I)I @ 1 c2
Event: 1.057 Thread 0x000002ac08dcf7b0 DEOPT PACKING pc=0x000002ac1a013180 sp=0x000000af0a1fe290
Event: 1.057 Thread 0x000002ac08dcf7b0 DEOPT UNPACKING pc=0x000002ac19a96da3 sp=0x000000af0a1fe220 mode 2
Event: 1.164 Thread 0x000002ac08dcf7b0 Uncommon trap: trap_request=0xffffffc6 fr.pc=0x000002ac1a00c1e4 relative=0x0000000000000304
Event: 1.164 Thread 0x000002ac08dcf7b0 Uncommon trap: reason=bimorphic_or_optimized_type_check action=maybe_recompile pc=0x000002ac1a00c1e4 method=java.util.HashMap.getNode(Ljava/lang/Object;)Ljava/util/HashMap$Node; @ 63 c2
Event: 1.164 Thread 0x000002ac08dcf7b0 DEOPT PACKING pc=0x000002ac1a00c1e4 sp=0x000000af0a1fe0c0
Event: 1.164 Thread 0x000002ac08dcf7b0 DEOPT UNPACKING pc=0x000002ac19a96da3 sp=0x000000af0a1fdfc8 mode 2
Event: 1.210 Thread 0x000002ac08dcf7b0 Uncommon trap: trap_request=0xffffff45 fr.pc=0x000002ac1a02e5e8 relative=0x0000000000000048
Event: 1.210 Thread 0x000002ac08dcf7b0 Uncommon trap: reason=unstable_if action=reinterpret pc=0x000002ac1a02e5e8 method=com.sun.tools.javac.util.ArrayUtils.ensureCapacity([BI)[B @ 3 c2
Event: 1.210 Thread 0x000002ac08dcf7b0 DEOPT PACKING pc=0x000002ac1a02e5e8 sp=0x000000af0a1fe290
Event: 1.210 Thread 0x000002ac08dcf7b0 DEOPT UNPACKING pc=0x000002ac19a96da3 sp=0x000000af0a1fe208 mode 2

Classes loaded (20 events):
Event: 0.891 Loading class java/nio/file/FileVisitResult
Event: 0.891 Loading class java/nio/file/FileVisitResult done
Event: 0.891 Loading class sun/nio/fs/BasicFileAttributesHolder
Event: 0.891 Loading class sun/nio/fs/BasicFileAttributesHolder done
Event: 0.894 Loading class java/util/ComparableTimSort
Event: 0.894 Loading class java/util/ComparableTimSort done
Event: 0.918 Loading class java/nio/file/Files$2
Event: 0.918 Loading class java/nio/file/Files$2 done
Event: 0.919 Loading class java/util/ImmutableCollections$Access
Event: 0.919 Loading class java/util/ImmutableCollections$Access done
Event: 0.919 Loading class java/util/ImmutableCollections$Access$1
Event: 0.919 Loading class jdk/internal/access/JavaUtilCollectionAccess
Event: 0.920 Loading class jdk/internal/access/JavaUtilCollectionAccess done
Event: 0.920 Loading class java/util/ImmutableCollections$Access$1 done
Event: 0.921 Loading class java/util/stream/Nodes$SpinedNodeBuilder
Event: 0.922 Loading class java/util/stream/Nodes$SpinedNodeBuilder done
Event: 1.059 Loading class java/lang/invoke/MethodHandle$1
Event: 1.059 Loading class java/lang/invoke/MethodHandle$1 done
Event: 1.076 Loading class java/util/LinkedList$Node
Event: 1.076 Loading class java/util/LinkedList$Node done

Classes unloaded (0 events):
No events

Classes redefined (0 events):
No events

Internal exceptions (20 events):
Event: 0.893 Thread 0x000002ac08dcf7b0 Exception <a 'java/lang/NoSuchMethodError'{0x0000000091584758}: 'void java.lang.invoke.DirectMethodHandle$Holder.invokeStatic(java.lang.Object, java.lang.Object)'> (0x0000000091584758) 
thrown [s\open\src\hotspot\share\interpreter\linkResolver.cpp, line 774]
Event: 0.895 Thread 0x000002ac08dcf7b0 Exception <a 'sun/nio/fs/WindowsException'{0x000000009158e678}> (0x000000009158e678) 
thrown [s\open\src\hotspot\share\prims\jni.cpp, line 517]
Event: 0.895 Thread 0x000002ac08dcf7b0 Exception <a 'sun/nio/fs/WindowsException'{0x000000009158e960}> (0x000000009158e960) 
thrown [s\open\src\hotspot\share\prims\jni.cpp, line 517]
Event: 0.896 Thread 0x000002ac08dcf7b0 Exception <a 'sun/nio/fs/WindowsException'{0x0000000091593ca8}> (0x0000000091593ca8) 
thrown [s\open\src\hotspot\share\prims\jni.cpp, line 517]
Event: 0.896 Thread 0x000002ac08dcf7b0 Exception <a 'sun/nio/fs/WindowsException'{0x0000000091593f78}> (0x0000000091593f78) 
thrown [s\open\src\hotspot\share\prims\jni.cpp, line 517]
Event: 0.905 Thread 0x000002ac08dcf7b0 Exception <a 'sun/nio/fs/WindowsException'{0x00000000915ab990}> (0x00000000915ab990) 
thrown [s\open\src\hotspot\share\prims\jni.cpp, line 517]
Event: 0.905 Thread 0x000002ac08dcf7b0 Exception <a 'sun/nio/fs/WindowsException'{0x00000000915abc70}> (0x00000000915abc70) 
thrown [s\open\src\hotspot\share\prims\jni.cpp, line 517]
Event: 0.905 Thread 0x000002ac08dcf7b0 Exception <a 'sun/nio/fs/WindowsException'{0x00000000915ac768}> (0x00000000915ac768) 
thrown [s\open\src\hotspot\share\prims\jni.cpp, line 517]
Event: 0.905 Thread 0x000002ac08dcf7b0 Exception <a 'sun/nio/fs/WindowsException'{0x00000000915aca38}> (0x00000000915aca38) 
thrown [s\open\src\hotspot\share\prims\jni.cpp, line 517]
Event: 0.994 Thread 0x000002ac08dcf7b0 Exception <a 'java/lang/NoSuchMethodError'{0x00000000915eb0b8}: 'int java.lang.invoke.DirectMethodHandle$Holder.invokeSpecial(java.lang.Object, java.lang.Object, java.lang.Object)'> (0x00000000915eb0b8) 
thrown [s\open\src\hotspot\share\interpreter\linkResolver.cpp, line 774]
Event: 0.997 Thread 0x000002ac08dcf7b0 Exception <a 'sun/nio/fs/WindowsException'{0x00000000915f5af8}> (0x00000000915f5af8) 
thrown [s\open\src\hotspot\share\prims\jni.cpp, line 517]
Event: 0.997 Thread 0x000002ac08dcf7b0 Exception <a 'sun/nio/fs/WindowsException'{0x00000000915f5db8}> (0x00000000915f5db8) 
thrown [s\open\src\hotspot\share\prims\jni.cpp, line 517]
Event: 0.998 Thread 0x000002ac08dcf7b0 Exception <a 'sun/nio/fs/WindowsException'{0x00000000915f6dd8}> (0x00000000915f6dd8) 
thrown [s\open\src\hotspot\share\prims\jni.cpp, line 517]
Event: 0.998 Thread 0x000002ac08dcf7b0 Exception <a 'sun/nio/fs/WindowsException'{0x00000000915f7088}> (0x00000000915f7088) 
thrown [s\open\src\hotspot\share\prims\jni.cpp, line 517]
Event: 1.057 Thread 0x000002ac08dcf7b0 Exception <a 'java/lang/NoSuchMethodError'{0x0000000091ac74e0}: 'java.lang.Object java.lang.invoke.DirectMethodHandle$Holder.invokeStatic(java.lang.Object, java.lang.Object, int, int)'> (0x0000000091ac74e0) 
thrown [s\open\src\hotspot\share\interpreter\linkResolver.cpp, line 774]
Event: 1.090 Thread 0x000002ac08dcf7b0 Exception <a 'java/lang/NoSuchMethodError'{0x0000000091f0c568}: 'java.lang.Object java.lang.invoke.DirectMethodHandle$Holder.invokeInterface(java.lang.Object, java.lang.Object)'> (0x0000000091f0c568) 
thrown [s\open\src\hotspot\share\interpreter\linkResolver.cpp, line 774]
Event: 1.183 Thread 0x000002ac08dcf7b0 Exception <a 'sun/nio/fs/WindowsException'{0x0000000091a93ee8}> (0x0000000091a93ee8) 
thrown [s\open\src\hotspot\share\prims\jni.cpp, line 517]
Event: 1.183 Thread 0x000002ac08dcf7b0 Exception <a 'sun/nio/fs/WindowsException'{0x0000000091a941a8}> (0x0000000091a941a8) 
thrown [s\open\src\hotspot\share\prims\jni.cpp, line 517]
Event: 1.184 Thread 0x000002ac08dcf7b0 Exception <a 'sun/nio/fs/WindowsException'{0x0000000091a95478}> (0x0000000091a95478) 
thrown [s\open\src\hotspot\share\prims\jni.cpp, line 517]
Event: 1.184 Thread 0x000002ac08dcf7b0 Exception <a 'sun/nio/fs/WindowsException'{0x0000000091a95730}> (0x0000000091a95730) 
thrown [s\open\src\hotspot\share\prims\jni.cpp, line 517]

VM Operations (20 events):
Event: 0.776 Executing VM operation: G1CollectForAllocation
Event: 0.779 Executing VM operation: G1CollectForAllocation done
Event: 0.862 Executing VM operation: G1CollectForAllocation
Event: 0.865 Executing VM operation: G1CollectForAllocation done
Event: 0.939 Executing VM operation: G1CollectForAllocation
Event: 0.943 Executing VM operation: G1CollectForAllocation done
Event: 0.947 Executing VM operation: G1CollectForAllocation
Event: 0.948 Executing VM operation: G1CollectForAllocation done
Event: 1.000 Executing VM operation: G1CollectForAllocation
Event: 1.003 Executing VM operation: G1CollectForAllocation done
Event: 1.011 Executing VM operation: G1PauseRemark
Event: 1.013 Executing VM operation: G1PauseRemark done
Event: 1.016 Executing VM operation: G1PauseCleanup
Event: 1.016 Executing VM operation: G1PauseCleanup done
Event: 1.081 Executing VM operation: G1CollectForAllocation
Event: 1.087 Executing VM operation: G1CollectForAllocation done
Event: 1.110 Executing VM operation: G1CollectForAllocation
Event: 1.118 Executing VM operation: G1CollectForAllocation done
Event: 1.198 Executing VM operation: G1CollectForAllocation
Event: 1.204 Executing VM operation: G1CollectForAllocation done

Events (14 events):
Event: 0.025 Thread 0x000002ac08dcf7b0 Thread added: 0x000002ac08dcf7b0
Event: 0.042 Thread 0x000002ac28bc52b0 Thread added: 0x000002ac28bc52b0
Event: 0.043 Thread 0x000002ac28bc5ce0 Thread added: 0x000002ac28bc5ce0
Event: 0.043 Thread 0x000002ac28bd0530 Thread added: 0x000002ac28bd0530
Event: 0.043 Thread 0x000002ac28bd0e60 Thread added: 0x000002ac28bd0e60
Event: 0.043 Thread 0x000002ac28bd37a0 Thread added: 0x000002ac28bd37a0
Event: 0.043 Thread 0x000002ac28bd40d0 Thread added: 0x000002ac28bd40d0
Event: 0.044 Thread 0x000002ac28bda280 Thread added: 0x000002ac28bda280
Event: 0.044 Thread 0x000002ac28bfaff0 Thread added: 0x000002ac28bfaff0
Event: 0.044 Thread 0x000002ac28c0d950 Thread added: 0x000002ac28c0d950
Event: 0.076 Thread 0x000002ac08e7d1f0 Thread added: 0x000002ac08e7d1f0
Event: 0.109 Thread 0x000002ac2d11aad0 Thread added: 0x000002ac2d11aad0
Event: 0.678 Thread 0x000002ac2d57f860 Thread added: 0x000002ac2d57f860
Event: 0.959 Thread 0x000002ac2d57fdf0 Thread added: 0x000002ac2d57fdf0


Dynamic libraries:
0x00007ff67cc00000 - 0x00007ff67cc08000 	C:\Program Files\Java\jdk-19\bin\javac.exe
0x00007fff1b8e0000 - 0x00007fff1bad0000 	C:\Windows\SYSTEM32\ntdll.dll
0x00007fff1aef0000 - 0x00007fff1afa2000 	C:\Windows\System32\KERNEL32.DLL
0x00007fff18b40000 - 0x00007fff18de3000 	C:\Windows\System32\KERNELBASE.dll
0x00007fff18910000 - 0x00007fff18a0a000 	C:\Windows\System32\ucrtbase.dll
0x00007fff08030000 - 0x00007fff08048000 	C:\Program Files\Java\jdk-19\bin\jli.dll
0x00007ffee73e0000 - 0x00007ffee73fb000 	C:\Program Files\Java\jdk-19\bin\VCRUNTIME140.dll
0x00007fff19fe0000 - 0x00007fff1a083000 	C:\Windows\System32\ADVAPI32.dll
0x00007fff1b5f0000 - 0x00007fff1b68e000 	C:\Windows\System32\msvcrt.dll
0x00007fff1a0f0000 - 0x00007fff1a187000 	C:\Windows\System32\sechost.dll
0x00007fff1b330000 - 0x00007fff1b450000 	C:\Windows\System32\RPCRT4.dll
0x00007fff1b450000 - 0x00007fff1b5e4000 	C:\Windows\System32\USER32.dll
0x00007fff18b10000 - 0x00007fff18b31000 	C:\Windows\System32\win32u.dll
0x00007fff1afb0000 - 0x00007fff1afd6000 	C:\Windows\System32\GDI32.dll
0x00007fff0a6c0000 - 0x00007fff0a945000 	C:\Windows\WinSxS\amd64_microsoft.windows.common-controls_6595b64144ccf1df_6.0.18362.418_none_e6c6b287130d565d\COMCTL32.dll
0x00007fff18df0000 - 0x00007fff18f84000 	C:\Windows\System32\gdi32full.dll
0x00007fff19930000 - 0x00007fff199ce000 	C:\Windows\System32\msvcp_win.dll
0x00007fff1aff0000 - 0x00007fff1b326000 	C:\Windows\System32\combase.dll
0x00007fff198b0000 - 0x00007fff19930000 	C:\Windows\System32\bcryptPrimitives.dll
0x00007fff10ec0000 - 0x00007fff10eca000 	C:\Windows\SYSTEM32\VERSION.dll
0x00007fff1b690000 - 0x00007fff1b6be000 	C:\Windows\System32\IMM32.DLL
0x00007fff0a1d0000 - 0x00007fff0a1dc000 	C:\Program Files\Java\jdk-19\bin\vcruntime140_1.dll
0x00007ffedc0f0000 - 0x00007ffedc17e000 	C:\Program Files\Java\jdk-19\bin\msvcp140.dll
0x00007ffedc4a0000 - 0x00007ffedd160000 	C:\Program Files\Java\jdk-19\bin\server\jvm.dll
0x00007fff16540000 - 0x00007fff16564000 	C:\Windows\SYSTEM32\WINMM.dll
0x00007ffee5b20000 - 0x00007ffee5b29000 	C:\Windows\SYSTEM32\WSOCK32.dll
0x00007fff16510000 - 0x00007fff1653d000 	C:\Windows\SYSTEM32\winmmbase.dll
0x00007fff1b6c0000 - 0x00007fff1b72f000 	C:\Windows\System32\WS2_32.dll
0x00007fff18ac0000 - 0x00007fff18b0a000 	C:\Windows\System32\cfgmgr32.dll
0x00007fff18840000 - 0x00007fff18851000 	C:\Windows\System32\kernel.appcore.dll
0x00007fff0a070000 - 0x00007fff0a07a000 	C:\Program Files\Java\jdk-19\bin\jimage.dll
0x00007fff17150000 - 0x00007fff17344000 	C:\Windows\SYSTEM32\DBGHELP.DLL
0x00007fff08050000 - 0x00007fff0807a000 	C:\Windows\SYSTEM32\dbgcore.DLL
0x00007ffee59c0000 - 0x00007ffee59e6000 	C:\Program Files\Java\jdk-19\bin\java.dll
0x00007ffedc380000 - 0x00007ffedc457000 	C:\Program Files\Java\jdk-19\bin\jsvml.dll
0x00007fff1a640000 - 0x00007fff1ad25000 	C:\Windows\System32\SHELL32.dll
0x00007fff1a2e0000 - 0x00007fff1a389000 	C:\Windows\System32\shcore.dll
0x00007fff18fc0000 - 0x00007fff1973f000 	C:\Windows\System32\windows.storage.dll
0x00007fff18800000 - 0x00007fff1881f000 	C:\Windows\System32\profapi.dll
0x00007fff18860000 - 0x00007fff188aa000 	C:\Windows\System32\powrprof.dll
0x00007fff187f0000 - 0x00007fff18800000 	C:\Windows\System32\UMPDC.dll
0x00007fff199d0000 - 0x00007fff19a22000 	C:\Windows\System32\shlwapi.dll
0x00007fff19740000 - 0x00007fff19757000 	C:\Windows\System32\cryptsp.dll
0x00007ffedc360000 - 0x00007ffedc373000 	C:\Program Files\Java\jdk-19\bin\net.dll
0x00007fff0a240000 - 0x00007fff0a330000 	C:\Windows\SYSTEM32\WINHTTP.dll
0x00007fff18000000 - 0x00007fff18067000 	C:\Windows\system32\mswsock.dll
0x00007ffedc340000 - 0x00007ffedc356000 	C:\Program Files\Java\jdk-19\bin\nio.dll
0x00007ffedc320000 - 0x00007ffedc338000 	C:\Program Files\Java\jdk-19\bin\zip.dll

dbghelp: loaded successfully - version: 4.0.5 - missing functions: none
symbol engine: initialized successfully - sym options: 0x614 - pdb path: .;C:\Program Files\Java\jdk-19\bin;C:\Windows\SYSTEM32;C:\Windows\WinSxS\amd64_microsoft.windows.common-controls_6595b64144ccf1df_6.0.18362.418_none_e6c6b287130d565d;C:\Program Files\Java\jdk-19\bin\server

VM Arguments:
jvm_args: -Dapplication.home=C:\Program Files\Java\jdk-19 --add-modules=ALL-DEFAULT -Xms8m -Djdk.module.main=jdk.compiler 
java_command: jdk.compiler/com.sun.tools.javac.Main -d C:\Users\iHuntGore\Desktop\Proyecto_Memorabble\build\classes -classpath C:\Users\iHuntGore\Desktop\Proyecto_Memorabble\build\classes;C:\Program Files\NetBeans-15\netbeans\java\modules\ext\AbsoluteLayout.jar -sourcepath C:\Users\iHuntGore\Desktop\Proyecto_Memorabble\build\empty -target 19 -encoding UTF-8 -g -processorpath C:\Program Files\NetBeans-15\netbeans\java\modules\ext\AbsoluteLayout.jar;C:\Users\iHuntGore\Desktop\Proyecto_Memorabble\build\empty -s C:\Users\iHuntGore\Desktop\Proyecto_Memorabble\build\generated-sources\ap-source-output -source 19 C:\Users\iHuntGore\Desktop\Proyecto_Memorabble\src\generadores\colores.java C:\Users\iHuntGore\Desktop\Proyecto_Memorabble\src\generadores\formaEspecifica.java C:\Users\iHuntGore\Desktop\Proyecto_Memorabble\src\generadores\formas.java C:\Users\iHuntGore\Desktop\Proyecto_Memorabble\src\interfaces\gameLauncher.java C:\Users\iHuntGore\Desktop\Proyecto_Memorabble\src\interfaces\interfaz_jugable.java C:\Users\iHuntGore\Desktop\Proyecto_Memorabble\src\interfaces\interfaz_memorabble.java C:\Users\iHuntGore\Desktop\Proyecto_Memorabble\src\interfaces\main.java C:\Users\iHuntGore\Desktop\Proyecto_Memorabble\src\interfaces\mainProvisional.java
java_class_path (initial): <not set>
Launcher Type: SUN_STANDARD

[Global flags]
     intx CICompilerCount                          = 4                                         {product} {ergonomic}
     uint ConcGCThreads                            = 2                                         {product} {ergonomic}
     uint G1ConcRefinementThreads                  = 8                                         {product} {ergonomic}
   size_t G1HeapRegionSize                         = 1048576                                   {product} {ergonomic}
    uintx GCDrainStackTargetSize                   = 64                                        {product} {ergonomic}
   size_t InitialHeapSize                          = 8388608                                   {product} {command line}
   size_t MarkStackSize                            = 4194304                                   {product} {ergonomic}
   size_t MaxHeapSize                              = 1866465280                                {product} {ergonomic}
   size_t MaxNewSize                               = 1119879168                                {product} {ergonomic}
   size_t MinHeapDeltaBytes                        = 1048576                                   {product} {ergonomic}
   size_t MinHeapSize                              = 8388608                                   {product} {command line}
    uintx NonNMethodCodeHeapSize                   = 5839372                                {pd product} {ergonomic}
    uintx NonProfiledCodeHeapSize                  = 122909434                              {pd product} {ergonomic}
    uintx ProfiledCodeHeapSize                     = 122909434                              {pd product} {ergonomic}
    uintx ReservedCodeCacheSize                    = 251658240                              {pd product} {ergonomic}
     bool SegmentedCodeCache                       = true                                      {product} {ergonomic}
   size_t SoftMaxHeapSize                          = 1866465280                             {manageable} {ergonomic}
     bool UseCompressedClassPointers               = true                           {product lp64_product} {ergonomic}
     bool UseCompressedOops                        = true                           {product lp64_product} {ergonomic}
     bool UseG1GC                                  = true                                      {product} {ergonomic}
     bool UseLargePagesIndividualAllocation        = false                                  {pd product} {ergonomic}

Logging:
Log output configuration:
 #0: stdout all=warning uptime,level,tags foldmultilines=false
 #1: stderr all=off uptime,level,tags foldmultilines=false

Environment Variables:
PATH=C:\Program Files\Common Files\Oracle\Java\javapath;C:\Program Files (x86)\Common Files\Oracle\Java\javapath;C:\Windows\system32;C:\Windows;C:\Windows\System32\Wbem;C:\Windows\System32\WindowsPowerShell\v1.0\;C:\Windows\System32\OpenSSH\;C:\Program Files\Neovim\/bin;C:\MinGW\bin;C:\Program Files\nodejs\;C:\ProgramData\chocolatey\bin;C:\Program Files\Git\cmd;C:\Users\iHuntGore\AppData\Local\Microsoft\WindowsApps;C:\Users\iHuntGore\AppData\Roaming\npm;C:\Users\iHuntGore\AppData\Local\Programs\Microsoft VS Code\bin;C:\Users\iHuntGore\AppData\Local\spicetify
USERNAME=iHuntGore
OS=Windows_NT
PROCESSOR_IDENTIFIER=AMD64 Family 23 Model 24 Stepping 1, AuthenticAMD
TMP=C:\Users\IHUNTG~1\AppData\Local\Temp
TEMP=C:\Users\IHUNTG~1\AppData\Local\Temp



---------------  S Y S T E M  ---------------

OS:
 Windows 10 , 64 bit Build 18362 (10.0.18362.329)
OS uptime: 0 days 5:12 hours

CPU: total 8 (initial active 8) (8 cores per cpu, 2 threads per core) family 23 model 24 stepping 1 microcode 0x0, cx8, cmov, fxsr, ht, mmx, 3dnowpref, sse, sse2, sse3, ssse3, sse4a, sse4.1, sse4.2, popcnt, lzcnt, tsc, tscinvbit, avx, avx2, aes, clmul, bmi1, bmi2, adx, sha, fma, vzeroupper, clflush, clflushopt, rdtscp

Memory: 4k page, system-wide physical 7115M (977M free)
TotalPageFile size 7115M (AvailPageFile size 5M)
current process WorkingSet (physical memory assigned to process): 86M, peak: 87M
current process commit charge ("private bytes"): 123M, peak: 125M

vm_info: Java HotSpot(TM) 64-Bit Server VM (19+36-2238) for windows-amd64 JRE (19+36-2238), built on 2022-08-12T20:29:01Z by "mach5one" with MS VC++ 17.1 (VS2022)

END.
