#
# There is insufficient memory for the Java Runtime Environment to continue.
# Native memory allocation (malloc) failed to allocate 1048576 bytes for AllocateHeap
# Possible reasons:
#   The system is out of physical RAM or swap space
#   The process is running with CompressedOops enabled, and the Java Heap may be blocking the growth of the native heap
# Possible solutions:
#   Reduce memory load on the system
#   Increase physical memory or swap space
#   Check if swap backing store is full
#   Decrease Java heap size (-Xmx/-Xms)
#   Decrease number of Java threads
#   Decrease Java thread stack sizes (-Xss)
#   Set larger code cache with -XX:ReservedCodeCacheSize=
#   JVM is running with Unscaled Compressed Oops mode in which the Java heap is
#     placed in the first 4GB address space. The Java Heap base address is the
#     maximum limit for the native heap growth. Please use -XX:HeapBaseMinAddress
#     to set the Java Heap base and to place the Java Heap above 4GB virtual address.
# This output file may be truncated or incomplete.
#
#  Out of Memory Error (allocation.cpp:44), pid=1684, tid=2840
#
# JRE version:  (19.0+36) (build )
# Java VM: Java HotSpot(TM) 64-Bit Server VM (19+36-2238, mixed mode, sharing, tiered, compressed oops, compressed class ptrs, g1 gc, windows-amd64)
# No core dump will be written. Minidumps are not enabled by default on client versions of Windows
#

---------------  S U M M A R Y ------------

Command Line: -Dfile.encoding=UTF-8 --module-path=C:\Users\iHuntGore\Desktop\Proyecto_Memorabble\build\classes interfaces.main

Host: AMD Ryzen 5 3450U with Radeon Vega Mobile Gfx  , 8 cores, 6G,  Windows 10 , 64 bit Build 18362 (10.0.18362.329)
Time: Mon Nov  7 18:39:22 2022 Hora est. Pacífico, Sudamérica elapsed time: 0.023782 seconds (0d 0h 0m 0s)

---------------  T H R E A D  ---------------

Current thread (0x000002864b88ff70):  JavaThread "Unknown thread" [_thread_in_vm, id=2840, stack(0x000000ae3e500000,0x000000ae3e600000)]

Stack: [0x000000ae3e500000,0x000000ae3e600000]
Native frames: (J=compiled Java code, j=interpreted, Vv=VM code, C=native code)
V  [jvm.dll+0x6ee8fa]
V  [jvm.dll+0x857a1e]
V  [jvm.dll+0x85940e]
V  [jvm.dll+0x859ac3]
V  [jvm.dll+0x28291f]
V  [jvm.dll+0xc40eb]
V  [jvm.dll+0x335479]
V  [jvm.dll+0x32d574]
V  [jvm.dll+0x821b20]
V  [jvm.dll+0x3c27c1]
V  [jvm.dll+0x8022f1]
V  [jvm.dll+0x44b30f]
V  [jvm.dll+0x44cc91]
C  [jli.dll+0x5287]
C  [ucrtbase.dll+0x20e72]
C  [KERNEL32.DLL+0x17bd4]
C  [ntdll.dll+0x6ced1]


---------------  P R O C E S S  ---------------

Threads class SMR info:
_java_thread_list=0x00007ffedd01d048, length=0, elements={
}

Java Threads: ( => current thread )

Other Threads:
  0x000002864b8e8650 WorkerThread "GC Thread#0" [stack: 0x000000ae3e600000,0x000000ae3e700000] [id=10712]

[error occurred during error reporting (printing all threads), id 0xc0000005, EXCEPTION_ACCESS_VIOLATION (0xc0000005) at pc=0x00007ffedc7da630]

VM state: not at safepoint (not fully initialized)

VM Mutex/Monitor currently owned by a thread:  ([mutex/lock_event])
[0x000002864b88bc60] Heap_lock - owner thread: 0x000002864b88ff70

Heap address: 0x0000000090c00000, size: 1780 MB, Compressed Oops mode: 32-bit

CDS archive(s) mapped at: [0x0000000000000000-0x0000000000000000-0x0000000000000000), size 0, SharedBaseAddress: 0x0000000800000000, ArchiveRelocationMode: 0.
Narrow klass base: 0x0000000000000000, Narrow klass shift: 0, Narrow klass range: 0x0

GC Precious Log:
 CardTable entry size: 512
 Card Set container configuration: InlinePtr #cards 5 size 8 Array Of Cards #cards 12 size 40 Howl #buckets 4 coarsen threshold 1843 Howl Bitmap #cards 512 size 80 coarsen threshold 460 Card regions per heap region 1 cards per card region 2048

Heap:
 garbage-first heap   total 0K, used 0K [0x0000000090c00000, 0x0000000100000000)
  region size 1024K, 0 young (0K), 0 survivors (0K)

[error occurred during error reporting (printing heap information), id 0xc0000005, EXCEPTION_ACCESS_VIOLATION (0xc0000005) at pc=0x00007ffedcbe6959]

GC Heap History (0 events):
No events

Dll operation events (1 events):
Event: 0.010 Loaded shared library C:\Program Files\Java\jdk-19\bin\java.dll

Deoptimization events (0 events):
No events

Classes loaded (0 events):
No events

Classes unloaded (0 events):
No events

Classes redefined (0 events):
No events

Internal exceptions (0 events):
No events

VM Operations (0 events):
No events

Events (0 events):
No events


Dynamic libraries:
0x00007ff785e90000 - 0x00007ff785ea0000 	C:\Program Files\Java\jdk-19\bin\java.exe
0x00007fff1b8e0000 - 0x00007fff1bad0000 	C:\Windows\SYSTEM32\ntdll.dll
0x00007fff1aef0000 - 0x00007fff1afa2000 	C:\Windows\System32\KERNEL32.DLL
0x00007fff18b40000 - 0x00007fff18de3000 	C:\Windows\System32\KERNELBASE.dll
0x00007fff18910000 - 0x00007fff18a0a000 	C:\Windows\System32\ucrtbase.dll
0x00007ffee73e0000 - 0x00007ffee73fb000 	C:\Program Files\Java\jdk-19\bin\VCRUNTIME140.dll
0x00007fff08030000 - 0x00007fff08048000 	C:\Program Files\Java\jdk-19\bin\jli.dll
0x00007fff19fe0000 - 0x00007fff1a083000 	C:\Windows\System32\ADVAPI32.dll
0x00007fff1b5f0000 - 0x00007fff1b68e000 	C:\Windows\System32\msvcrt.dll
0x00007fff1a0f0000 - 0x00007fff1a187000 	C:\Windows\System32\sechost.dll
0x00007fff1b330000 - 0x00007fff1b450000 	C:\Windows\System32\RPCRT4.dll
0x00007fff1b450000 - 0x00007fff1b5e4000 	C:\Windows\System32\USER32.dll
0x00007fff18b10000 - 0x00007fff18b31000 	C:\Windows\System32\win32u.dll
0x00007fff0a6c0000 - 0x00007fff0a945000 	C:\Windows\WinSxS\amd64_microsoft.windows.common-controls_6595b64144ccf1df_6.0.18362.418_none_e6c6b287130d565d\COMCTL32.dll
0x00007fff1afb0000 - 0x00007fff1afd6000 	C:\Windows\System32\GDI32.dll
0x00007fff18df0000 - 0x00007fff18f84000 	C:\Windows\System32\gdi32full.dll
0x00007fff1aff0000 - 0x00007fff1b326000 	C:\Windows\System32\combase.dll
0x00007fff19930000 - 0x00007fff199ce000 	C:\Windows\System32\msvcp_win.dll
0x00007fff198b0000 - 0x00007fff19930000 	C:\Windows\System32\bcryptPrimitives.dll
0x00007fff10ec0000 - 0x00007fff10eca000 	C:\Windows\SYSTEM32\VERSION.dll
0x00007fff1b690000 - 0x00007fff1b6be000 	C:\Windows\System32\IMM32.DLL
0x00007fff0a1d0000 - 0x00007fff0a1dc000 	C:\Program Files\Java\jdk-19\bin\vcruntime140_1.dll
0x00007ffedc0f0000 - 0x00007ffedc17e000 	C:\Program Files\Java\jdk-19\bin\msvcp140.dll
0x00007ffedc4a0000 - 0x00007ffedd160000 	C:\Program Files\Java\jdk-19\bin\server\jvm.dll
0x00007fff16540000 - 0x00007fff16564000 	C:\Windows\SYSTEM32\WINMM.dll
0x00007ffee5b20000 - 0x00007ffee5b29000 	C:\Windows\SYSTEM32\WSOCK32.dll
0x00007fff1b6c0000 - 0x00007fff1b72f000 	C:\Windows\System32\WS2_32.dll
0x00007fff16510000 - 0x00007fff1653d000 	C:\Windows\SYSTEM32\WINMMBASE.dll
0x00007fff18ac0000 - 0x00007fff18b0a000 	C:\Windows\System32\cfgmgr32.dll
0x00007fff18840000 - 0x00007fff18851000 	C:\Windows\System32\kernel.appcore.dll
0x00007fff0a070000 - 0x00007fff0a07a000 	C:\Program Files\Java\jdk-19\bin\jimage.dll
0x00007fff17150000 - 0x00007fff17344000 	C:\Windows\SYSTEM32\DBGHELP.DLL
0x00007fff08050000 - 0x00007fff0807a000 	C:\Windows\SYSTEM32\dbgcore.DLL
0x00007ffee59c0000 - 0x00007ffee59e6000 	C:\Program Files\Java\jdk-19\bin\java.dll

dbghelp: loaded successfully - version: 4.0.5 - missing functions: none
symbol engine: initialized successfully - sym options: 0x614 - pdb path: .;C:\Program Files\Java\jdk-19\bin;C:\Windows\SYSTEM32;C:\Windows\WinSxS\amd64_microsoft.windows.common-controls_6595b64144ccf1df_6.0.18362.418_none_e6c6b287130d565d;C:\Program Files\Java\jdk-19\bin\server

VM Arguments:
jvm_args: -Dfile.encoding=UTF-8 --module-path=C:\Users\iHuntGore\Desktop\Proyecto_Memorabble\build\classes 
java_command: interfaces.main
java_class_path (initial): C:\Program Files\NetBeans-15\netbeans\java\modules\ext\AbsoluteLayout.jar;C:\Users\iHuntGore\Desktop\Proyecto_Memorabble\build\classes
Launcher Type: SUN_STANDARD

[Global flags]
     intx CICompilerCount                          = 4                                         {product} {ergonomic}
     uint ConcGCThreads                            = 2                                         {product} {ergonomic}
     uint G1ConcRefinementThreads                  = 8                                         {product} {ergonomic}
   size_t G1HeapRegionSize                         = 1048576                                   {product} {ergonomic}
    uintx GCDrainStackTargetSize                   = 64                                        {product} {ergonomic}
   size_t InitialHeapSize                          = 117440512                                 {product} {ergonomic}
   size_t MarkStackSize                            = 4194304                                   {product} {ergonomic}
   size_t MaxHeapSize                              = 1866465280                                {product} {ergonomic}
   size_t MinHeapDeltaBytes                        = 1048576                                   {product} {ergonomic}
   size_t MinHeapSize                              = 8388608                                   {product} {ergonomic}
    uintx NonNMethodCodeHeapSize                   = 5839372                                {pd product} {ergonomic}
    uintx NonProfiledCodeHeapSize                  = 122909434                              {pd product} {ergonomic}
    uintx ProfiledCodeHeapSize                     = 122909434                              {pd product} {ergonomic}
    uintx ReservedCodeCacheSize                    = 251658240                              {pd product} {ergonomic}
     bool SegmentedCodeCache                       = true                                      {product} {ergonomic}
   size_t SoftMaxHeapSize                          = 1866465280                             {manageable} {ergonomic}
     bool UseCompressedClassPointers               = true                           {product lp64_product} {ergonomic}
     bool UseCompressedOops                        = true                           {product lp64_product} {ergonomic}
     bool UseG1GC                                  = true                                      {product} {ergonomic}
     bool UseLargePagesIndividualAllocation        = false                                  {pd product} {ergonomic}

Logging:
Log output configuration:
 #0: stdout all=warning uptime,level,tags foldmultilines=false
 #1: stderr all=off uptime,level,tags foldmultilines=false

Environment Variables:
PATH=C:\Program Files\Common Files\Oracle\Java\javapath;C:\Program Files (x86)\Common Files\Oracle\Java\javapath;C:\Windows\system32;C:\Windows;C:\Windows\System32\Wbem;C:\Windows\System32\WindowsPowerShell\v1.0\;C:\Windows\System32\OpenSSH\;C:\Program Files\Neovim\/bin;C:\MinGW\bin;C:\Program Files\nodejs\;C:\ProgramData\chocolatey\bin;C:\Program Files\Git\cmd;C:\Users\iHuntGore\AppData\Local\Microsoft\WindowsApps;C:\Users\iHuntGore\AppData\Roaming\npm;C:\Users\iHuntGore\AppData\Local\Programs\Microsoft VS Code\bin;C:\Users\iHuntGore\AppData\Local\spicetify
USERNAME=iHuntGore
OS=Windows_NT
PROCESSOR_IDENTIFIER=AMD64 Family 23 Model 24 Stepping 1, AuthenticAMD
TMP=C:\Users\IHUNTG~1\AppData\Local\Temp
TEMP=C:\Users\IHUNTG~1\AppData\Local\Temp



---------------  S Y S T E M  ---------------

OS:
 Windows 10 , 64 bit Build 18362 (10.0.18362.329)
OS uptime: 0 days 5:12 hours

CPU: total 8 (initial active 8) (8 cores per cpu, 2 threads per core) family 23 model 24 stepping 1 microcode 0x0, cx8, cmov, fxsr, ht, mmx, 3dnowpref, sse, sse2, sse3, ssse3, sse4a, sse4.1, sse4.2, popcnt, lzcnt, tsc, tscinvbit, avx, avx2, aes, clmul, bmi1, bmi2, adx, sha, fma, vzeroupper, clflush, clflushopt, rdtscp

Memory: 4k page, system-wide physical 7115M (1003M free)
TotalPageFile size 7115M (AvailPageFile size 4M)
current process WorkingSet (physical memory assigned to process): 10M, peak: 10M
current process commit charge ("private bytes"): 58M, peak: 59M

vm_info: Java HotSpot(TM) 64-Bit Server VM (19+36-2238) for windows-amd64 JRE (19+36-2238), built on 2022-08-12T20:29:01Z by "mach5one" with MS VC++ 17.1 (VS2022)

END.
